#
# There is insufficient memory for the Java Runtime Environment to continue.
# Native memory allocation (mmap) failed to map 121634816 bytes for Failed to commit area from 0x000000008cc00000 to 0x0000000094000000 of length 121634816.
# Possible reasons:
#   The system is out of physical RAM or swap space
#   The process is running with CompressedOops enabled, and the Java Heap may be blocking the growth of the native heap
# Possible solutions:
#   Reduce memory load on the system
#   Increase physical memory or swap space
#   Check if swap backing store is full
#   Decrease Java heap size (-Xmx/-Xms)
#   Decrease number of Java threads
#   Decrease Java thread stack sizes (-Xss)
#   Set larger code cache with -XX:ReservedCodeCacheSize=
# This output file may be truncated or incomplete.
#
#  Out of Memory Error (./src/hotspot/os/windows/os_windows.cpp:3380), pid=13608, tid=8524
#
# JRE version:  (11.0.12+7) (build )
# Java VM: OpenJDK 64-Bit Server VM (11.0.12+7, mixed mode, sharing, tiered, compressed oops, g1 gc, windows-amd64)
# No core dump will be written. Minidumps are not enabled by default on client versions of Windows
#

---------------  S U M M A R Y ------------

Command Line: -javaagent:C:\Program Files\JetBrains\IntelliJ IDEA Community Edition 2022.2.3\lib\idea_rt.jar=64007:C:\Program Files\JetBrains\IntelliJ IDEA Community Edition 2022.2.3\bin -Dfile.encoding=UTF-8 com.example.softwareinventory.SoftwareinventoryApplication

Host: AMD A8-6500B APU with Radeon(tm) HD Graphics   , 4 cores, 7G,  Windows 10 , 64 bit Build 19041 (10.0.19041.2251)
Time: Sun Nov 20 18:08:10 2022 Közép-európai téli idõ  elapsed time: 0.154789 seconds (0d 0h 0m 0s)

---------------  T H R E A D  ---------------

Current thread (0x000001eef3c06800):  JavaThread "Unknown thread" [_thread_in_vm, id=8524, stack(0x000000ca29d00000,0x000000ca29e00000)]

Stack: [0x000000ca29d00000,0x000000ca29e00000]
Native frames: (J=compiled Java code, j=interpreted, Vv=VM code, C=native code)
V  [jvm.dll+0x6090fa]
V  [jvm.dll+0x79229e]
V  [jvm.dll+0x79396f]
V  [jvm.dll+0x794033]
V  [jvm.dll+0x24bed8]
V  [jvm.dll+0x60624a]
V  [jvm.dll+0x5facf5]
V  [jvm.dll+0x303b5c]
V  [jvm.dll+0x3039e2]
V  [jvm.dll+0x308706]
V  [jvm.dll+0x34d5cf]
V  [jvm.dll+0x34d000]
V  [jvm.dll+0x2e0c68]
V  [jvm.dll+0x2e1dc6]
V  [jvm.dll+0x76d627]
V  [jvm.dll+0x76edaf]
V  [jvm.dll+0x35a359]
V  [jvm.dll+0x750710]
V  [jvm.dll+0x3c1f8f]
V  [jvm.dll+0x3c4461]
C  [jli.dll+0x5207]
C  [ucrtbase.dll+0x21bb2]
C  [KERNEL32.DLL+0x174b4]
C  [ntdll.dll+0x526a1]


---------------  P R O C E S S  ---------------

Threads class SMR info:
_java_thread_list=0x000001eef1a2acb0, length=0, elements={
}

Java Threads: ( => current thread )

Other Threads:
  0x000001eef3c1f000 GCTaskThread "GC Thread#0" [stack: 0x000000ca29e00000,0x000000ca29f00000] [id=10704]
  0x000001eef3c4b800 ConcurrentGCThread "G1 Main Marker" [stack: 0x000000ca29f00000,0x000000ca2a000000] [id=7812]
  0x000001eef3c4d000 ConcurrentGCThread "G1 Conc#0" [stack: 0x000000ca2a000000,0x000000ca2a100000] [id=7560]

[error occurred during error reporting (printing all threads), id 0xc0000005, EXCEPTION_ACCESS_VIOLATION (0xc0000005) at pc=0x00007ffdcf320337]

VM state:not at safepoint (not fully initialized)

VM Mutex/Monitor currently owned by a thread:  ([mutex/lock_event])
[0x000001eef3c02df0] Heap_lock - owner thread: 0x000001eef3c06800

Heap address: 0x000000008cc00000, size: 1844 MB, Compressed Oops mode: Non-zero based: 0x000000008cc00000
Narrow klass base: 0x0000000000000000, Narrow klass shift: 0

GC Heap History (0 events):
No events

Deoptimization events (0 events):
No events

Classes redefined (0 events):
No events

Internal exceptions (0 events):
No events

Events (1 events):
Event: 0.112 Loaded shared library C:\Program Files\Microsoft\jdk-11.0.12.7-hotspot\bin\zip.dll


Dynamic libraries:
0x00007ff6ea6d0000 - 0x00007ff6ea6dd000 	C:\Program Files\Microsoft\jdk-11.0.12.7-hotspot\bin\java.exe
0x00007ffe16230000 - 0x00007ffe16428000 	C:\WINDOWS\SYSTEM32\ntdll.dll
0x00007ffe15e80000 - 0x00007ffe15f3f000 	C:\WINDOWS\System32\KERNEL32.DLL
0x00007ffe13c50000 - 0x00007ffe13f22000 	C:\WINDOWS\System32\KERNELBASE.dll
0x00007ffe141a0000 - 0x00007ffe142a0000 	C:\WINDOWS\System32\ucrtbase.dll
0x00007ffe0b8f0000 - 0x00007ffe0b907000 	C:\Program Files\Microsoft\jdk-11.0.12.7-hotspot\bin\jli.dll
0x00007ffe15ce0000 - 0x00007ffe15e7d000 	C:\WINDOWS\System32\USER32.dll
0x00007ffe14120000 - 0x00007ffe14142000 	C:\WINDOWS\System32\win32u.dll
0x00007ffe14900000 - 0x00007ffe1492b000 	C:\WINDOWS\System32\GDI32.dll
0x00007ffe13f60000 - 0x00007ffe1406f000 	C:\WINDOWS\System32\gdi32full.dll
0x00007ffe13bb0000 - 0x00007ffe13c4d000 	C:\WINDOWS\System32\msvcp_win.dll
0x00007ffe0dff0000 - 0x00007ffe0e005000 	C:\Program Files\Microsoft\jdk-11.0.12.7-hotspot\bin\VCRUNTIME140.dll
0x00007ffdf4420000 - 0x00007ffdf46ba000 	C:\WINDOWS\WinSxS\amd64_microsoft.windows.common-controls_6595b64144ccf1df_6.0.19041.1110_none_60b5254171f9507e\COMCTL32.dll
0x00007ffe147b0000 - 0x00007ffe1484e000 	C:\WINDOWS\System32\msvcrt.dll
0x00007ffe15bd0000 - 0x00007ffe15c02000 	C:\WINDOWS\System32\IMM32.DLL
0x00007ffddff90000 - 0x00007ffde002b000 	C:\Program Files\Microsoft\jdk-11.0.12.7-hotspot\bin\msvcp140.dll
0x00007ffdcf030000 - 0x00007ffdcfb91000 	C:\Program Files\Microsoft\jdk-11.0.12.7-hotspot\bin\server\jvm.dll
0x00007ffe15280000 - 0x00007ffe1532e000 	C:\WINDOWS\System32\ADVAPI32.dll
0x00007ffe14a70000 - 0x00007ffe14b0c000 	C:\WINDOWS\System32\sechost.dll
0x00007ffe14940000 - 0x00007ffe14a65000 	C:\WINDOWS\System32\RPCRT4.dll
0x00007ffe14930000 - 0x00007ffe14938000 	C:\WINDOWS\System32\PSAPI.DLL
0x00007ffdf8bf0000 - 0x00007ffdf8bf9000 	C:\WINDOWS\SYSTEM32\WSOCK32.dll
0x00007ffe14b70000 - 0x00007ffe14bdb000 	C:\WINDOWS\System32\WS2_32.dll
0x00007ffe08bc0000 - 0x00007ffe08be7000 	C:\WINDOWS\SYSTEM32\WINMM.dll
0x00007ffe0ae90000 - 0x00007ffe0ae9a000 	C:\WINDOWS\SYSTEM32\VERSION.dll
0x00007ffe11790000 - 0x00007ffe117a2000 	C:\WINDOWS\SYSTEM32\kernel.appcore.dll
0x00007ffe0d0c0000 - 0x00007ffe0d0d0000 	C:\Program Files\Microsoft\jdk-11.0.12.7-hotspot\bin\verify.dll
0x00007ffe03bb0000 - 0x00007ffe03d94000 	C:\WINDOWS\SYSTEM32\DBGHELP.DLL
0x00007ffe03f50000 - 0x00007ffe03f7c000 	C:\WINDOWS\SYSTEM32\dbgcore.DLL
0x00007ffe13b20000 - 0x00007ffe13ba2000 	C:\WINDOWS\System32\bcryptPrimitives.dll
0x00007ffe0b870000 - 0x00007ffe0b898000 	C:\Program Files\Microsoft\jdk-11.0.12.7-hotspot\bin\java.dll
0x00007ffe0ccd0000 - 0x00007ffe0ccda000 	C:\Program Files\Microsoft\jdk-11.0.12.7-hotspot\bin\jimage.dll
0x00007ffdf4930000 - 0x00007ffdf493e000 	C:\Program Files\Microsoft\jdk-11.0.12.7-hotspot\bin\instrument.dll
0x00007ffe0b8d0000 - 0x00007ffe0b8e7000 	C:\Program Files\Microsoft\jdk-11.0.12.7-hotspot\bin\zip.dll

dbghelp: loaded successfully - version: 4.0.5 - missing functions: none
symbol engine: initialized successfully - sym options: 0x614 - pdb path: .;C:\Program Files\Microsoft\jdk-11.0.12.7-hotspot\bin;C:\WINDOWS\SYSTEM32;C:\WINDOWS\WinSxS\amd64_microsoft.windows.common-controls_6595b64144ccf1df_6.0.19041.1110_none_60b5254171f9507e;C:\Program Files\Microsoft\jdk-11.0.12.7-hotspot\bin\server

VM Arguments:
jvm_args: -javaagent:C:\Program Files\JetBrains\IntelliJ IDEA Community Edition 2022.2.3\lib\idea_rt.jar=64007:C:\Program Files\JetBrains\IntelliJ IDEA Community Edition 2022.2.3\bin -Dfile.encoding=UTF-8 
java_command: com.example.softwareinventory.SoftwareinventoryApplication
java_class_path (initial): C:\Users\Albi\Documents\GitHub\java-alk-gyak-spring-boot-szoftverleltar\target\classes;C:\Users\Albi\.m2\repository\org\springframework\boot\spring-boot-starter-data-jpa\2.7.5\spring-boot-starter-data-jpa-2.7.5.jar;C:\Users\Albi\.m2\repository\org\springframework\boot\spring-boot-starter-aop\2.7.5\spring-boot-starter-aop-2.7.5.jar;C:\Users\Albi\.m2\repository\org\aspectj\aspectjweaver\1.9.7\aspectjweaver-1.9.7.jar;C:\Users\Albi\.m2\repository\org\springframework\boot\spring-boot-starter-jdbc\2.7.5\spring-boot-starter-jdbc-2.7.5.jar;C:\Users\Albi\.m2\repository\com\zaxxer\HikariCP\4.0.3\HikariCP-4.0.3.jar;C:\Users\Albi\.m2\repository\org\springframework\spring-jdbc\5.3.23\spring-jdbc-5.3.23.jar;C:\Users\Albi\.m2\repository\jakarta\transaction\jakarta.transaction-api\1.3.3\jakarta.transaction-api-1.3.3.jar;C:\Users\Albi\.m2\repository\jakarta\persistence\jakarta.persistence-api\2.2.3\jakarta.persistence-api-2.2.3.jar;C:\Users\Albi\.m2\repository\org\hibernate\hibernate-core\5.6.12.Final\hibernate-core-5.6.12.Final.jar;C:\Users\Albi\.m2\repository\org\jboss\logging\jboss-logging\3.4.3.Final\jboss-logging-3.4.3.Final.jar;C:\Users\Albi\.m2\repository\net\bytebuddy\byte-buddy\1.12.18\byte-buddy-1.12.18.jar;C:\Users\Albi\.m2\repository\antlr\antlr\2.7.7\antlr-2.7.7.jar;C:\Users\Albi\.m2\repository\org\jboss\jandex\2.4.2.Final\jandex-2.4.2.Final.jar;C:\Users\Albi\.m2\repository\com\fasterxml\classmate\1.5.1\classmate-1.5.1.jar;C:\Users\Albi\.m2\repository\org\hibernate\common\hibernate-commons-annotations\5.1.2.Final\hibernate-commons-annotations-5.1.2.Final.jar;C:\Users\Albi\.m2\repository\org\glassfish\jaxb\jaxb-runtime\2.3.7\jaxb-runtime-2.3.7.jar;C:\Users\Albi\.m2\repository\org\glassfish\jaxb\txw2\2.3.7\txw2-2.3.7.jar;C:\Users\Albi\.m2\repository\com\sun\istack\istack-commons-runtime\3.0.12\istack-commons-runtime-3.0.12.jar;C:\Users\Albi\.m2\repository\com\sun\activation\jakarta.activation\1.2.2\jakarta.activation-1.2.2.jar;C:\Users\Albi\.m
Launcher Type: SUN_STANDARD

[Global flags]
     intx CICompilerCount                          = 3                                         {product} {ergonomic}
     uint ConcGCThreads                            = 1                                         {product} {ergonomic}
     uint G1ConcRefinementThreads                  = 4                                         {product} {ergonomic}
   size_t G1HeapRegionSize                         = 1048576                                   {product} {ergonomic}
    uintx GCDrainStackTargetSize                   = 64                                        {product} {ergonomic}
   size_t InitialHeapSize                          = 121634816                                 {product} {ergonomic}
   size_t MarkStackSize                            = 4194304                                   {product} {ergonomic}
   size_t MaxHeapSize                              = 1933574144                                {product} {ergonomic}
   size_t MinHeapDeltaBytes                        = 1048576                                   {product} {ergonomic}
    uintx NonNMethodCodeHeapSize                   = 5830732                                {pd product} {ergonomic}
    uintx NonProfiledCodeHeapSize                  = 122913754                              {pd product} {ergonomic}
    uintx ProfiledCodeHeapSize                     = 122913754                              {pd product} {ergonomic}
    uintx ReservedCodeCacheSize                    = 251658240                              {pd product} {ergonomic}
     bool SegmentedCodeCache                       = true                                      {product} {ergonomic}
     bool UseCompressedClassPointers               = true                                 {lp64_product} {ergonomic}
     bool UseCompressedOops                        = true                                 {lp64_product} {ergonomic}
     bool UseG1GC                                  = true                                      {product} {ergonomic}
     bool UseLargePagesIndividualAllocation        = false                                  {pd product} {ergonomic}

Logging:
Log output configuration:
 #0: stdout all=warning uptime,level,tags
 #1: stderr all=off uptime,level,tags

Environment Variables:
PATH=C:\app\Albi\product\21c\dbhomeXE\bin;C:\Program Files\Microsoft\jdk-11.0.12.7-hotspot\bin;C:\Windows\system32;C:\Windows;C:\Windows\System32\Wbem;C:\Windows\System32\WindowsPowerShell\v1.0\;C:\Program Files (x86)\ATI Technologies\ATI.ACE\Core-Static;C:\Program Files (x86)\AMD\ATI.ACE\Core-Static;C:\Program Files\Microsoft SQL Server\150\Tools\Binn\;C:\Program Files\Microsoft SQL Server\Client SDK\ODBC\170\Tools\Binn\;C:\Program Files\dotnet\;C:\Program Files\Git\cmd;C:\WINDOWS\system32;C:\WINDOWS;C:\WINDOWS\System32\Wbem;C:\WINDOWS\System32\WindowsPowerShell\v1.0\;C:\WINDOWS\System32\OpenSSH\;C:\Program Files (x86)\Devart\EntityDeveloper\Console;C:\Program Files (x86)\Microsoft SQL Server\150\Tools\Binn\;C:\Program Files\Microsoft SQL Server\150\DTS\Binn\;C:\Program Files (x86)\Microsoft SQL Server\150\DTS\Binn\;C:\Program Files\Azure Data Studio\bin;C:\Program Files (x86)\dotnet\;C:\Users\Albi\AppData\Local\Microsoft\WindowsApps;C:\Users\Albi\AppData\Local\Programs\Microsoft VS Code\bin;C:\Users\Albi\AppData\Local\GitHubDesktop\bin;C:\Users\Albi\.dotnet\tools;C:\Program Files (x86)\Devart\EntityDeveloper\Console;C:\Program Files\Azure Data Studio\bin
USERNAME=Albi
OS=Windows_NT
PROCESSOR_IDENTIFIER=AMD64 Family 21 Model 19 Stepping 1, AuthenticAMD



---------------  S Y S T E M  ---------------

OS: Windows 10 , 64 bit Build 19041 (10.0.19041.2251)
OS uptime: 4 days 6:42 hours
Hyper-V role detected

CPU:total 4 (initial active 4) (4 cores per cpu, 1 threads per core) family 21 model 19 stepping 1 microcode 0x0, cmov, cx8, fxsr, mmx, sse, sse2, sse3, ssse3, sse4.1, sse4.2, popcnt, avx, aes, clmul, mmxext, 3dnowpref, lzcnt, sse4a, tsc, tscinvbit, tscinv, bmi1, fma

Memory: 4k page, system-wide physical 7369M (481M free)
TotalPageFile size 10465M (AvailPageFile size 75M)
current process WorkingSet (physical memory assigned to process): 10M, peak: 10M
current process commit charge ("private bytes"): 51M, peak: 167M

vm_info: OpenJDK 64-Bit Server VM (11.0.12+7) for windows-amd64 JRE (11.0.12+7), built on Jul 21 2021 15:41:43 by "" with unknown MS VC++:1916

END.
